# JRE version: OpenJDK Runtime Environment (11.0.12+7) (build 11.0.12+7-b1504.28-7817840)
# Java VM: OpenJDK 64-Bit Server VM (11.0.12+7-b1504.28-7817840, mixed mode, tiered, compressed oops, g1 gc, windows-amd64)
Heap:
 garbage-first heap   total 391168K, used 288671K [0x0000000080000000, 0x0000000100000000)
  region size 1024K, 159 young (162816K), 17 survivors (17408K)
 Metaspace       used 127108K, capacity 130322K, committed 130560K, reserved 1163264K
  class space    used 15764K, capacity 16936K, committed 16972K, reserved 1048576K
GC Heap History (20 events):
Event: 9.935 GC heap before
{Heap before GC invocations=9 (full 0):
 garbage-first heap   total 391168K, used 209086K [0x0000000080000000, 0x0000000100000000)
  region size 1024K, 174 young (178176K), 13 survivors (13312K)
 Metaspace       used 51244K, capacity 52579K, committed 52684K, reserved 1095680K
  class space    used 6570K, capacity 7058K, committed 7116K, reserved 1048576K
}
Event: 9.977 GC heap after
{Heap after GC invocations=10 (full 0):
 garbage-first heap   total 391168K, used 54895K [0x0000000080000000, 0x0000000100000000)
  region size 1024K, 22 young (22528K), 22 survivors (22528K)
 Metaspace       used 51244K, capacity 52579K, committed 52684K, reserved 1095680K
  class space    used 6570K, capacity 7058K, committed 7116K, reserved 1048576K
}
Event: 48.574 GC heap before
{Heap before GC invocations=11 (full 0):
 garbage-first heap   total 391168K, used 269935K [0x0000000080000000, 0x0000000100000000)
  region size 1024K, 229 young (234496K), 22 survivors (22528K)
 Metaspace       used 65877K, capacity 67669K, committed 67916K, reserved 1107968K
  class space    used 8399K, capacity 9015K, committed 9036K, reserved 1048576K
}
Event: 48.629 GC heap after
{Heap after GC invocations=12 (full 0):
 garbage-first heap   total 391168K, used 73541K [0x0000000080000000, 0x0000000100000000)
  region size 1024K, 28 young (28672K), 28 survivors (28672K)
 Metaspace       used 65877K, capacity 67669K, committed 67916K, reserved 1107968K
  class space    used 8399K, capacity 9015K, committed 9036K, reserved 1048576K
}
Event: 52.569 GC heap before
{Heap before GC invocations=12 (full 0):
 garbage-first heap   total 391168K, used 287557K [0x0000000080000000, 0x0000000100000000)
  region size 1024K, 229 young (234496K), 28 survivors (28672K)
 Metaspace       used 84313K, capacity 86246K, committed 86348K, reserved 1124352K
  class space    used 10655K, capacity 11324K, committed 11340K, reserved 1048576K
}
Event: 52.627 GC heap after
{Heap after GC invocations=13 (full 0):
 garbage-first heap   total 391168K, used 96734K [0x0000000080000000, 0x0000000100000000)
  region size 1024K, 29 young (29696K), 29 survivors (29696K)
 Metaspace       used 84313K, capacity 86246K, committed 86348K, reserved 1124352K
  class space    used 10655K, capacity 11324K, committed 11340K, reserved 1048576K
}
Event: 53.316 GC heap before
{Heap before GC invocations=13 (full 0):
 garbage-first heap   total 391168K, used 160222K [0x0000000080000000, 0x0000000100000000)
  region size 1024K, 92 young (94208K), 29 survivors (29696K)
 Metaspace       used 85427K, capacity 87654K, committed 87808K, reserved 1126400K
  class space    used 10785K, capacity 11536K, committed 11596K, reserved 1048576K
}
Event: 53.385 GC heap after
{Heap after GC invocations=14 (full 0):
 garbage-first heap   total 391168K, used 101887K [0x0000000080000000, 0x0000000100000000)
  region size 1024K, 6 young (6144K), 6 survivors (6144K)
 Metaspace       used 85427K, capacity 87654K, committed 87808K, reserved 1126400K
  class space    used 10785K, capacity 11536K, committed 11596K, reserved 1048576K
}
Event: 93.814 GC heap before
{Heap before GC invocations=15 (full 0):
 garbage-first heap   total 391168K, used 258559K [0x0000000080000000, 0x0000000100000000)
  region size 1024K, 150 young (153600K), 6 survivors (6144K)
 Metaspace       used 97407K, capacity 99835K, committed 100096K, reserved 1136640K
  class space    used 12416K, capacity 13258K, committed 13388K, reserved 1048576K
}
Event: 93.841 GC heap after
{Heap after GC invocations=16 (full 0):
 garbage-first heap   total 391168K, used 124902K [0x0000000080000000, 0x0000000100000000)
  region size 1024K, 18 young (18432K), 18 survivors (18432K)
 Metaspace       used 97407K, capacity 99835K, committed 100096K, reserved 1136640K
  class space    used 12416K, capacity 13258K, committed 13388K, reserved 1048576K
}
Event: 96.454 GC heap before
{Heap before GC invocations=17 (full 0):
 garbage-first heap   total 391168K, used 271334K [0x0000000080000000, 0x0000000100000000)
  region size 1024K, 158 young (161792K), 18 survivors (18432K)
 Metaspace       used 106507K, capacity 109179K, committed 109440K, reserved 1144832K
  class space    used 13588K, capacity 14494K, committed 14540K, reserved 1048576K
}
Event: 96.498 GC heap after
{Heap after GC invocations=18 (full 0):
 garbage-first heap   total 391168K, used 133598K [0x0000000080000000, 0x0000000100000000)
  region size 1024K, 8 young (8192K), 8 survivors (8192K)
 Metaspace       used 106507K, capacity 109179K, committed 109440K, reserved 1144832K
  class space    used 13588K, capacity 14494K, committed 14540K, reserved 1048576K
}
Event: 97.501 GC heap before
{Heap before GC invocations=18 (full 0):
 garbage-first heap   total 391168K, used 279006K [0x0000000080000000, 0x0000000100000000)
  region size 1024K, 150 young (153600K), 8 survivors (8192K)
 Metaspace       used 106529K, capacity 109179K, committed 109440K, reserved 1144832K
  class space    used 13589K, capacity 14494K, committed 14540K, reserved 1048576K
}
Event: 97.514 GC heap after
{Heap after GC invocations=19 (full 0):
 garbage-first heap   total 391168K, used 133964K [0x0000000080000000, 0x0000000100000000)
  region size 1024K, 8 young (8192K), 8 survivors (8192K)
 Metaspace       used 106529K, capacity 109179K, committed 109440K, reserved 1144832K
  class space    used 13589K, capacity 14494K, committed 14540K, reserved 1048576K
}
Event: 114.757 GC heap before
{Heap before GC invocations=19 (full 0):
 garbage-first heap   total 391168K, used 289612K [0x0000000080000000, 0x0000000100000000)
  region size 1024K, 160 young (163840K), 8 survivors (8192K)
 Metaspace       used 110081K, capacity 112772K, committed 112896K, reserved 1146880K
  class space    used 13927K, capacity 14875K, committed 14924K, reserved 1048576K
}
Event: 114.825 GC heap after
{Heap after GC invocations=20 (full 0):
 garbage-first heap   total 391168K, used 135508K [0x0000000080000000, 0x0000000100000000)
  region size 1024K, 12 young (12288K), 12 survivors (12288K)
 Metaspace       used 110081K, capacity 112772K, committed 112896K, reserved 1146880K
  class space    used 13927K, capacity 14875K, committed 14924K, reserved 1048576K
}
Event: 205.524 GC heap before
{Heap before GC invocations=20 (full 0):
 garbage-first heap   total 391168K, used 294228K [0x0000000080000000, 0x0000000100000000)
  region size 1024K, 168 young (172032K), 12 survivors (12288K)
 Metaspace       used 111205K, capacity 113927K, committed 114048K, reserved 1148928K
  class space    used 13984K, capacity 14956K, committed 15052K, reserved 1048576K
}
Event: 205.549 GC heap after
{Heap after GC invocations=21 (full 0):
 garbage-first heap   total 391168K, used 139671K [0x0000000080000000, 0x0000000100000000)
  region size 1024K, 12 young (12288K), 12 survivors (12288K)
 Metaspace       used 111205K, capacity 113927K, committed 114048K, reserved 1148928K
  class space    used 13984K, capacity 14956K, committed 15052K, reserved 1048576K
}
Event: 240.296 GC heap before
{Heap before GC invocations=21 (full 0):
 garbage-first heap   total 391168K, used 300439K [0x0000000080000000, 0x0000000100000000)
  region size 1024K, 170 young (174080K), 12 survivors (12288K)
 Metaspace       used 118693K, capacity 121570K, committed 121856K, reserved 1155072K
  class space    used 14873K, capacity 15899K, committed 15948K, reserved 1048576K
}
Event: 240.327 GC heap after
{Heap after GC invocations=22 (full 0):
 garbage-first heap   total 391168K, used 145311K [0x0000000080000000, 0x0000000100000000)
  region size 1024K, 17 young (17408K), 17 survivors (17408K)
 Metaspace       used 118693K, capacity 121570K, committed 121856K, reserved 1155072K
  class space    used 14873K, capacity 15899K, committed 15948K, reserved 1048576K
}

